[2025-10-26 12:37:09] Starting 02_dbscan_thin.R (mode=REPRO)
[2025-10-26 12:37:09] Run: B | eps_deg: 0.004 | minPts: 15 | fraction: 0.09 | min_samples: 4
[2025-10-26 12:37:09] Input: data/clean | Main replicate out: data/occ/thinned_DBSCAN | Uncertainty out: data/occ/uncertainty
[2025-10-26 12:37:09] Recorded params in: plans/dbscan_params.yml
[2025-10-26 12:37:12] MAIN  E1B: 12292 -> 1106 (saved data/occ/thinned_DBSCAN/E1B.csv)
[2025-10-26 12:37:12] UNC1 E1B: 12292 -> 1106 (saved data/occ/uncertainty/E1B_rep1.csv)
[2025-10-26 12:37:13] UNC2 E1B: 12292 -> 1106 (saved data/occ/uncertainty/E1B_rep2.csv)
[2025-10-26 12:37:13] UNC3 E1B: 12292 -> 1106 (saved data/occ/uncertainty/E1B_rep3.csv)
[2025-10-26 12:37:13] MAIN  E2B: 10289 -> 927 (saved data/occ/thinned_DBSCAN/E2B.csv)
[2025-10-26 12:37:13] UNC1 E2B: 10289 -> 927 (saved data/occ/uncertainty/E2B_rep1.csv)
[2025-10-26 12:37:13] UNC2 E2B: 10289 -> 927 (saved data/occ/uncertainty/E2B_rep2.csv)
[2025-10-26 12:37:13] UNC3 E2B: 10289 -> 927 (saved data/occ/uncertainty/E2B_rep3.csv)
[2025-10-26 12:37:14] MAIN  E3A: 18737 -> 1687 (saved data/occ/thinned_DBSCAN/E3A.csv)
[2025-10-26 12:37:14] UNC1 E3A: 18737 -> 1687 (saved data/occ/uncertainty/E3A_rep1.csv)
[2025-10-26 12:37:14] UNC2 E3A: 18737 -> 1687 (saved data/occ/uncertainty/E3A_rep2.csv)
[2025-10-26 12:37:14] UNC3 E3A: 18737 -> 1687 (saved data/occ/uncertainty/E3A_rep3.csv)
[2025-10-26 12:37:15] MAIN  E3B: 23643 -> 2128 (saved data/occ/thinned_DBSCAN/E3B.csv)
[2025-10-26 12:37:15] UNC1 E3B: 23643 -> 2128 (saved data/occ/uncertainty/E3B_rep1.csv)
[2025-10-26 12:37:16] UNC2 E3B: 23643 -> 2128 (saved data/occ/uncertainty/E3B_rep2.csv)
[2025-10-26 12:37:16] UNC3 E3B: 23643 -> 2128 (saved data/occ/uncertainty/E3B_rep3.csv)
[2025-10-26 12:37:17] MAIN  E4A: 18707 -> 1684 (saved data/occ/thinned_DBSCAN/E4A.csv)
[2025-10-26 12:37:17] UNC1 E4A: 18707 -> 1684 (saved data/occ/uncertainty/E4A_rep1.csv)
[2025-10-26 12:37:17] UNC2 E4A: 18707 -> 1684 (saved data/occ/uncertainty/E4A_rep2.csv)
[2025-10-26 12:37:17] UNC3 E4A: 18707 -> 1684 (saved data/occ/uncertainty/E4A_rep3.csv)
[2025-10-26 12:37:18] MAIN  E4B: 23702 -> 2133 (saved data/occ/thinned_DBSCAN/E4B.csv)
[2025-10-26 12:37:18] UNC1 E4B: 23702 -> 2133 (saved data/occ/uncertainty/E4B_rep1.csv)
[2025-10-26 12:37:19] UNC2 E4B: 23702 -> 2133 (saved data/occ/uncertainty/E4B_rep2.csv)
[2025-10-26 12:37:19] UNC3 E4B: 23702 -> 2133 (saved data/occ/uncertainty/E4B_rep3.csv)
[2025-10-26 12:37:19] MAIN  E5A: 1121 -> 101 (saved data/occ/thinned_DBSCAN/E5A.csv)
[2025-10-26 12:37:19] UNC1 E5A: 1121 -> 101 (saved data/occ/uncertainty/E5A_rep1.csv)
[2025-10-26 12:37:19] UNC2 E5A: 1121 -> 101 (saved data/occ/uncertainty/E5A_rep2.csv)
[2025-10-26 12:37:19] UNC3 E5A: 1121 -> 101 (saved data/occ/uncertainty/E5A_rep3.csv)
[2025-10-26 12:37:20] MAIN  E5B: 18542 -> 1671 (saved data/occ/thinned_DBSCAN/E5B.csv)
[2025-10-26 12:37:20] UNC1 E5B: 18542 -> 1671 (saved data/occ/uncertainty/E5B_rep1.csv)
[2025-10-26 12:37:20] UNC2 E5B: 18542 -> 1671 (saved data/occ/uncertainty/E5B_rep2.csv)
[2025-10-26 12:37:21] UNC3 E5B: 18542 -> 1671 (saved data/occ/uncertainty/E5B_rep3.csv)
[2025-10-26 12:37:22] MAIN  E6B: 44348 -> 3992 (saved data/occ/thinned_DBSCAN/E6B.csv)
[2025-10-26 12:37:23] UNC1 E6B: 44348 -> 3992 (saved data/occ/uncertainty/E6B_rep1.csv)
[2025-10-26 12:37:23] UNC2 E6B: 44348 -> 3992 (saved data/occ/uncertainty/E6B_rep2.csv)
[2025-10-26 12:37:24] UNC3 E6B: 44348 -> 3992 (saved data/occ/uncertainty/E6B_rep3.csv)
[2025-10-26 12:37:24] DONE. Total input: 171381 | main kept: 15429 | unc reps kept: [15429, 15429, 15429]
[2025-10-27 19:51:15] Starting 02_dbscan_thin.R (mode=FAST)
[2025-10-27 19:51:15] Run: B | eps_deg: 0.004 | minPts: 15 | fraction: 0.09 | min_samples: 4
[2025-10-27 19:51:15] Input: data/clean | MAIN out: D:/PhD/Projects/SDM_projects/BTEH/SDM_ele/BTEH/BTEH/data/occ/thinned_DBSCAN | UNCERTAINTY (replicates) out: D:/PhD/Projects/SDM_projects/BTEH/SDM_ele/BTEH/BTEH/replicates_DBSCAN
[2025-10-27 19:51:15] Recorded params in: plans/dbscan_params.yml
[2025-10-27 19:51:17] MAIN  E1B: 12292 -> 1106 (saved D:/PhD/Projects/SDM_projects/BTEH/SDM_ele/BTEH/BTEH/data/occ/thinned_DBSCAN/E1B.csv)
[2025-10-27 19:51:17] UNC1 E1B: 12292 -> 1106 (saved D:/PhD/Projects/SDM_projects/BTEH/SDM_ele/BTEH/BTEH/replicates_DBSCAN/E1B_rep1.csv)
[2025-10-27 19:51:17] UNC2 E1B: 12292 -> 1106 (saved D:/PhD/Projects/SDM_projects/BTEH/SDM_ele/BTEH/BTEH/replicates_DBSCAN/E1B_rep2.csv)
[2025-10-27 19:51:18] UNC3 E1B: 12292 -> 1106 (saved D:/PhD/Projects/SDM_projects/BTEH/SDM_ele/BTEH/BTEH/replicates_DBSCAN/E1B_rep3.csv)
[2025-10-27 19:51:18] MAIN  E2B: 10289 -> 927 (saved D:/PhD/Projects/SDM_projects/BTEH/SDM_ele/BTEH/BTEH/data/occ/thinned_DBSCAN/E2B.csv)
[2025-10-27 19:51:18] UNC1 E2B: 10289 -> 927 (saved D:/PhD/Projects/SDM_projects/BTEH/SDM_ele/BTEH/BTEH/replicates_DBSCAN/E2B_rep1.csv)
[2025-10-27 19:51:18] UNC2 E2B: 10289 -> 927 (saved D:/PhD/Projects/SDM_projects/BTEH/SDM_ele/BTEH/BTEH/replicates_DBSCAN/E2B_rep2.csv)
[2025-10-27 19:51:19] UNC3 E2B: 10289 -> 927 (saved D:/PhD/Projects/SDM_projects/BTEH/SDM_ele/BTEH/BTEH/replicates_DBSCAN/E2B_rep3.csv)
[2025-10-27 19:51:19] MAIN  E3A: 18737 -> 1687 (saved D:/PhD/Projects/SDM_projects/BTEH/SDM_ele/BTEH/BTEH/data/occ/thinned_DBSCAN/E3A.csv)
[2025-10-27 19:51:19] UNC1 E3A: 18737 -> 1687 (saved D:/PhD/Projects/SDM_projects/BTEH/SDM_ele/BTEH/BTEH/replicates_DBSCAN/E3A_rep1.csv)
[2025-10-27 19:51:19] UNC2 E3A: 18737 -> 1687 (saved D:/PhD/Projects/SDM_projects/BTEH/SDM_ele/BTEH/BTEH/replicates_DBSCAN/E3A_rep2.csv)
[2025-10-27 19:51:19] UNC3 E3A: 18737 -> 1687 (saved D:/PhD/Projects/SDM_projects/BTEH/SDM_ele/BTEH/BTEH/replicates_DBSCAN/E3A_rep3.csv)
[2025-10-27 19:51:20] MAIN  E3B: 23643 -> 2128 (saved D:/PhD/Projects/SDM_projects/BTEH/SDM_ele/BTEH/BTEH/data/occ/thinned_DBSCAN/E3B.csv)
[2025-10-27 19:51:20] UNC1 E3B: 23643 -> 2128 (saved D:/PhD/Projects/SDM_projects/BTEH/SDM_ele/BTEH/BTEH/replicates_DBSCAN/E3B_rep1.csv)
[2025-10-27 19:51:21] UNC2 E3B: 23643 -> 2128 (saved D:/PhD/Projects/SDM_projects/BTEH/SDM_ele/BTEH/BTEH/replicates_DBSCAN/E3B_rep2.csv)
[2025-10-27 19:51:21] UNC3 E3B: 23643 -> 2128 (saved D:/PhD/Projects/SDM_projects/BTEH/SDM_ele/BTEH/BTEH/replicates_DBSCAN/E3B_rep3.csv)
[2025-10-27 19:51:22] MAIN  E4A: 18707 -> 1684 (saved D:/PhD/Projects/SDM_projects/BTEH/SDM_ele/BTEH/BTEH/data/occ/thinned_DBSCAN/E4A.csv)
[2025-10-27 19:51:22] UNC1 E4A: 18707 -> 1684 (saved D:/PhD/Projects/SDM_projects/BTEH/SDM_ele/BTEH/BTEH/replicates_DBSCAN/E4A_rep1.csv)
[2025-10-27 19:51:22] UNC2 E4A: 18707 -> 1684 (saved D:/PhD/Projects/SDM_projects/BTEH/SDM_ele/BTEH/BTEH/replicates_DBSCAN/E4A_rep2.csv)
[2025-10-27 19:51:22] UNC3 E4A: 18707 -> 1684 (saved D:/PhD/Projects/SDM_projects/BTEH/SDM_ele/BTEH/BTEH/replicates_DBSCAN/E4A_rep3.csv)
[2025-10-27 19:51:23] MAIN  E4B: 23702 -> 2133 (saved D:/PhD/Projects/SDM_projects/BTEH/SDM_ele/BTEH/BTEH/data/occ/thinned_DBSCAN/E4B.csv)
[2025-10-27 19:51:23] UNC1 E4B: 23702 -> 2133 (saved D:/PhD/Projects/SDM_projects/BTEH/SDM_ele/BTEH/BTEH/replicates_DBSCAN/E4B_rep1.csv)
[2025-10-27 19:51:24] UNC2 E4B: 23702 -> 2133 (saved D:/PhD/Projects/SDM_projects/BTEH/SDM_ele/BTEH/BTEH/replicates_DBSCAN/E4B_rep2.csv)
[2025-10-27 19:51:24] UNC3 E4B: 23702 -> 2133 (saved D:/PhD/Projects/SDM_projects/BTEH/SDM_ele/BTEH/BTEH/replicates_DBSCAN/E4B_rep3.csv)
[2025-10-27 19:51:24] MAIN  E5A: 1121 -> 101 (saved D:/PhD/Projects/SDM_projects/BTEH/SDM_ele/BTEH/BTEH/data/occ/thinned_DBSCAN/E5A.csv)
[2025-10-27 19:51:24] UNC1 E5A: 1121 -> 101 (saved D:/PhD/Projects/SDM_projects/BTEH/SDM_ele/BTEH/BTEH/replicates_DBSCAN/E5A_rep1.csv)
[2025-10-27 19:51:24] UNC2 E5A: 1121 -> 101 (saved D:/PhD/Projects/SDM_projects/BTEH/SDM_ele/BTEH/BTEH/replicates_DBSCAN/E5A_rep2.csv)
[2025-10-27 19:51:24] UNC3 E5A: 1121 -> 101 (saved D:/PhD/Projects/SDM_projects/BTEH/SDM_ele/BTEH/BTEH/replicates_DBSCAN/E5A_rep3.csv)
[2025-10-27 19:51:25] MAIN  E5B: 18542 -> 1671 (saved D:/PhD/Projects/SDM_projects/BTEH/SDM_ele/BTEH/BTEH/data/occ/thinned_DBSCAN/E5B.csv)
[2025-10-27 19:51:25] UNC1 E5B: 18542 -> 1671 (saved D:/PhD/Projects/SDM_projects/BTEH/SDM_ele/BTEH/BTEH/replicates_DBSCAN/E5B_rep1.csv)
[2025-10-27 19:51:25] UNC2 E5B: 18542 -> 1671 (saved D:/PhD/Projects/SDM_projects/BTEH/SDM_ele/BTEH/BTEH/replicates_DBSCAN/E5B_rep2.csv)
[2025-10-27 19:51:25] UNC3 E5B: 18542 -> 1671 (saved D:/PhD/Projects/SDM_projects/BTEH/SDM_ele/BTEH/BTEH/replicates_DBSCAN/E5B_rep3.csv)
[2025-10-27 19:51:26] MAIN  E6B: 44348 -> 3992 (saved D:/PhD/Projects/SDM_projects/BTEH/SDM_ele/BTEH/BTEH/data/occ/thinned_DBSCAN/E6B.csv)
[2025-10-27 19:51:27] UNC1 E6B: 44348 -> 3992 (saved D:/PhD/Projects/SDM_projects/BTEH/SDM_ele/BTEH/BTEH/replicates_DBSCAN/E6B_rep1.csv)
[2025-10-27 19:51:28] UNC2 E6B: 44348 -> 3992 (saved D:/PhD/Projects/SDM_projects/BTEH/SDM_ele/BTEH/BTEH/replicates_DBSCAN/E6B_rep2.csv)
[2025-10-27 19:51:28] UNC3 E6B: 44348 -> 3992 (saved D:/PhD/Projects/SDM_projects/BTEH/SDM_ele/BTEH/BTEH/replicates_DBSCAN/E6B_rep3.csv)
[2025-10-27 19:51:28] Summary saved: logs/dbscan_summary_B.csv
[2025-10-27 19:51:28] DONE. Total input: 171381 | main kept: 15429 | unc reps kept: [15429, 15429, 15429]
[2025-10-28 12:47:47] Starting 02_dbscan_thin.R (mode=FAST)
[2025-10-28 12:47:47] Run: B | eps_deg: 0.004 | minPts: 15 | fraction: 0.09 | min_samples: 4
[2025-10-28 12:47:47] Input: data/clean | MAIN out: D:/PhD/Projects/SDM_projects/BTEH/SDM_ele/BTEH/BTEH/data/occ/thinned_DBSCAN | UNCERTAINTY (replicates) out: D:/PhD/Projects/SDM_projects/BTEH/SDM_ele/BTEH/BTEH/replicates_DBSCAN
[2025-10-28 12:47:47] Recorded params in: plans/dbscan_params.yml
[2025-10-28 12:47:48] MAIN  E1B: 12292 -> 1106 (saved D:/PhD/Projects/SDM_projects/BTEH/SDM_ele/BTEH/BTEH/data/occ/thinned_DBSCAN/E1B.csv)
[2025-10-28 12:47:48] UNC1 E1B: 12292 -> 1106 (saved D:/PhD/Projects/SDM_projects/BTEH/SDM_ele/BTEH/BTEH/replicates_DBSCAN/E1B_rep1.csv)
[2025-10-28 12:47:49] UNC2 E1B: 12292 -> 1106 (saved D:/PhD/Projects/SDM_projects/BTEH/SDM_ele/BTEH/BTEH/replicates_DBSCAN/E1B_rep2.csv)
[2025-10-28 12:47:49] UNC3 E1B: 12292 -> 1106 (saved D:/PhD/Projects/SDM_projects/BTEH/SDM_ele/BTEH/BTEH/replicates_DBSCAN/E1B_rep3.csv)
[2025-10-28 12:47:49] MAIN  E2B: 10289 -> 927 (saved D:/PhD/Projects/SDM_projects/BTEH/SDM_ele/BTEH/BTEH/data/occ/thinned_DBSCAN/E2B.csv)
[2025-10-28 12:47:49] UNC1 E2B: 10289 -> 927 (saved D:/PhD/Projects/SDM_projects/BTEH/SDM_ele/BTEH/BTEH/replicates_DBSCAN/E2B_rep1.csv)
[2025-10-28 12:47:50] UNC2 E2B: 10289 -> 927 (saved D:/PhD/Projects/SDM_projects/BTEH/SDM_ele/BTEH/BTEH/replicates_DBSCAN/E2B_rep2.csv)
[2025-10-28 12:47:50] UNC3 E2B: 10289 -> 927 (saved D:/PhD/Projects/SDM_projects/BTEH/SDM_ele/BTEH/BTEH/replicates_DBSCAN/E2B_rep3.csv)
[2025-10-28 12:47:50] MAIN  E3A: 24941 -> 2246 (saved D:/PhD/Projects/SDM_projects/BTEH/SDM_ele/BTEH/BTEH/data/occ/thinned_DBSCAN/E3A.csv)
[2025-10-28 12:47:50] UNC1 E3A: 24941 -> 2246 (saved D:/PhD/Projects/SDM_projects/BTEH/SDM_ele/BTEH/BTEH/replicates_DBSCAN/E3A_rep1.csv)
[2025-10-28 12:47:51] UNC2 E3A: 24941 -> 2246 (saved D:/PhD/Projects/SDM_projects/BTEH/SDM_ele/BTEH/BTEH/replicates_DBSCAN/E3A_rep2.csv)
[2025-10-28 12:47:51] UNC3 E3A: 24941 -> 2246 (saved D:/PhD/Projects/SDM_projects/BTEH/SDM_ele/BTEH/BTEH/replicates_DBSCAN/E3A_rep3.csv)
[2025-10-28 12:47:52] MAIN  E3B: 23643 -> 2128 (saved D:/PhD/Projects/SDM_projects/BTEH/SDM_ele/BTEH/BTEH/data/occ/thinned_DBSCAN/E3B.csv)
[2025-10-28 12:47:52] UNC1 E3B: 23643 -> 2128 (saved D:/PhD/Projects/SDM_projects/BTEH/SDM_ele/BTEH/BTEH/replicates_DBSCAN/E3B_rep1.csv)
[2025-10-28 12:47:52] UNC2 E3B: 23643 -> 2128 (saved D:/PhD/Projects/SDM_projects/BTEH/SDM_ele/BTEH/BTEH/replicates_DBSCAN/E3B_rep2.csv)
[2025-10-28 12:47:53] UNC3 E3B: 23643 -> 2128 (saved D:/PhD/Projects/SDM_projects/BTEH/SDM_ele/BTEH/BTEH/replicates_DBSCAN/E3B_rep3.csv)
[2025-10-28 12:47:53] MAIN  E4A: 24913 -> 2244 (saved D:/PhD/Projects/SDM_projects/BTEH/SDM_ele/BTEH/BTEH/data/occ/thinned_DBSCAN/E4A.csv)
[2025-10-28 12:47:54] UNC1 E4A: 24913 -> 2244 (saved D:/PhD/Projects/SDM_projects/BTEH/SDM_ele/BTEH/BTEH/replicates_DBSCAN/E4A_rep1.csv)
[2025-10-28 12:47:54] UNC2 E4A: 24913 -> 2244 (saved D:/PhD/Projects/SDM_projects/BTEH/SDM_ele/BTEH/BTEH/replicates_DBSCAN/E4A_rep2.csv)
[2025-10-28 12:47:54] UNC3 E4A: 24913 -> 2244 (saved D:/PhD/Projects/SDM_projects/BTEH/SDM_ele/BTEH/BTEH/replicates_DBSCAN/E4A_rep3.csv)
[2025-10-28 12:47:55] MAIN  E4B: 23702 -> 2133 (saved D:/PhD/Projects/SDM_projects/BTEH/SDM_ele/BTEH/BTEH/data/occ/thinned_DBSCAN/E4B.csv)
[2025-10-28 12:47:55] UNC1 E4B: 23702 -> 2133 (saved D:/PhD/Projects/SDM_projects/BTEH/SDM_ele/BTEH/BTEH/replicates_DBSCAN/E4B_rep1.csv)
[2025-10-28 12:47:56] UNC2 E4B: 23702 -> 2133 (saved D:/PhD/Projects/SDM_projects/BTEH/SDM_ele/BTEH/BTEH/replicates_DBSCAN/E4B_rep2.csv)
[2025-10-28 12:47:56] UNC3 E4B: 23702 -> 2133 (saved D:/PhD/Projects/SDM_projects/BTEH/SDM_ele/BTEH/BTEH/replicates_DBSCAN/E4B_rep3.csv)
[2025-10-28 12:47:56] MAIN  E5A: 1844 -> 166 (saved D:/PhD/Projects/SDM_projects/BTEH/SDM_ele/BTEH/BTEH/data/occ/thinned_DBSCAN/E5A.csv)
[2025-10-28 12:47:56] UNC1 E5A: 1844 -> 166 (saved D:/PhD/Projects/SDM_projects/BTEH/SDM_ele/BTEH/BTEH/replicates_DBSCAN/E5A_rep1.csv)
[2025-10-28 12:47:56] UNC2 E5A: 1844 -> 166 (saved D:/PhD/Projects/SDM_projects/BTEH/SDM_ele/BTEH/BTEH/replicates_DBSCAN/E5A_rep2.csv)
[2025-10-28 12:47:56] UNC3 E5A: 1844 -> 166 (saved D:/PhD/Projects/SDM_projects/BTEH/SDM_ele/BTEH/BTEH/replicates_DBSCAN/E5A_rep3.csv)
[2025-10-28 12:47:57] MAIN  E5B: 18542 -> 1671 (saved D:/PhD/Projects/SDM_projects/BTEH/SDM_ele/BTEH/BTEH/data/occ/thinned_DBSCAN/E5B.csv)
[2025-10-28 12:47:57] UNC1 E5B: 18542 -> 1671 (saved D:/PhD/Projects/SDM_projects/BTEH/SDM_ele/BTEH/BTEH/replicates_DBSCAN/E5B_rep1.csv)
[2025-10-28 12:47:57] UNC2 E5B: 18542 -> 1671 (saved D:/PhD/Projects/SDM_projects/BTEH/SDM_ele/BTEH/BTEH/replicates_DBSCAN/E5B_rep2.csv)
[2025-10-28 12:47:58] UNC3 E5B: 18542 -> 1671 (saved D:/PhD/Projects/SDM_projects/BTEH/SDM_ele/BTEH/BTEH/replicates_DBSCAN/E5B_rep3.csv)
[2025-10-28 12:47:58] MAIN  E6B: 9318 -> 841 (saved D:/PhD/Projects/SDM_projects/BTEH/SDM_ele/BTEH/BTEH/data/occ/thinned_DBSCAN/E6B.csv)
[2025-10-28 12:47:58] UNC1 E6B: 9318 -> 841 (saved D:/PhD/Projects/SDM_projects/BTEH/SDM_ele/BTEH/BTEH/replicates_DBSCAN/E6B_rep1.csv)
[2025-10-28 12:47:58] UNC2 E6B: 9318 -> 841 (saved D:/PhD/Projects/SDM_projects/BTEH/SDM_ele/BTEH/BTEH/replicates_DBSCAN/E6B_rep2.csv)
[2025-10-28 12:47:58] UNC3 E6B: 9318 -> 841 (saved D:/PhD/Projects/SDM_projects/BTEH/SDM_ele/BTEH/BTEH/replicates_DBSCAN/E6B_rep3.csv)
[2025-10-28 12:47:58] Summary saved: logs/dbscan_summary_B.csv
[2025-10-28 12:47:58] DONE. Total input: 149484 | main kept: 13462 | unc reps kept: [13462, 13462, 13462]
[2025-10-28 13:04:12] Starting 02_dbscan_thin.R (mode=FAST)
[2025-10-28 13:04:12] Run: B | eps_deg: 0.004 | minPts: 15 | fraction: 0.09 | min_samples: 4
[2025-10-28 13:04:12] Input: data/clean | MAIN out: D:/PhD/Projects/SDM_projects/BTEH/SDM_ele/BTEH/BTEH/data/occ/thinned_DBSCAN | UNCERTAINTY (replicates) out: D:/PhD/Projects/SDM_projects/BTEH/SDM_ele/BTEH/BTEH/replicates_DBSCAN
[2025-10-28 13:04:12] Recorded params in: plans/dbscan_params.yml
[2025-10-28 13:04:13] MAIN  E1B: 12292 -> 1106 (saved D:/PhD/Projects/SDM_projects/BTEH/SDM_ele/BTEH/BTEH/data/occ/thinned_DBSCAN/E1B.csv)
[2025-10-28 13:04:13] UNC1 E1B: 12292 -> 1106 (saved D:/PhD/Projects/SDM_projects/BTEH/SDM_ele/BTEH/BTEH/replicates_DBSCAN/E1B_rep1.csv)
[2025-10-28 13:04:13] UNC2 E1B: 12292 -> 1106 (saved D:/PhD/Projects/SDM_projects/BTEH/SDM_ele/BTEH/BTEH/replicates_DBSCAN/E1B_rep2.csv)
[2025-10-28 13:04:13] UNC3 E1B: 12292 -> 1106 (saved D:/PhD/Projects/SDM_projects/BTEH/SDM_ele/BTEH/BTEH/replicates_DBSCAN/E1B_rep3.csv)
[2025-10-28 13:04:14] MAIN  E2B: 10289 -> 927 (saved D:/PhD/Projects/SDM_projects/BTEH/SDM_ele/BTEH/BTEH/data/occ/thinned_DBSCAN/E2B.csv)
[2025-10-28 13:04:14] UNC1 E2B: 10289 -> 927 (saved D:/PhD/Projects/SDM_projects/BTEH/SDM_ele/BTEH/BTEH/replicates_DBSCAN/E2B_rep1.csv)
[2025-10-28 13:04:14] UNC2 E2B: 10289 -> 927 (saved D:/PhD/Projects/SDM_projects/BTEH/SDM_ele/BTEH/BTEH/replicates_DBSCAN/E2B_rep2.csv)
[2025-10-28 13:04:14] UNC3 E2B: 10289 -> 927 (saved D:/PhD/Projects/SDM_projects/BTEH/SDM_ele/BTEH/BTEH/replicates_DBSCAN/E2B_rep3.csv)
[2025-10-28 13:04:15] MAIN  E3A: 24941 -> 2246 (saved D:/PhD/Projects/SDM_projects/BTEH/SDM_ele/BTEH/BTEH/data/occ/thinned_DBSCAN/E3A.csv)
[2025-10-28 13:04:15] UNC1 E3A: 24941 -> 2246 (saved D:/PhD/Projects/SDM_projects/BTEH/SDM_ele/BTEH/BTEH/replicates_DBSCAN/E3A_rep1.csv)
[2025-10-28 13:04:15] UNC2 E3A: 24941 -> 2246 (saved D:/PhD/Projects/SDM_projects/BTEH/SDM_ele/BTEH/BTEH/replicates_DBSCAN/E3A_rep2.csv)
[2025-10-28 13:04:15] UNC3 E3A: 24941 -> 2246 (saved D:/PhD/Projects/SDM_projects/BTEH/SDM_ele/BTEH/BTEH/replicates_DBSCAN/E3A_rep3.csv)
[2025-10-28 13:04:16] MAIN  E3B: 23643 -> 2128 (saved D:/PhD/Projects/SDM_projects/BTEH/SDM_ele/BTEH/BTEH/data/occ/thinned_DBSCAN/E3B.csv)
[2025-10-28 13:04:16] UNC1 E3B: 23643 -> 2128 (saved D:/PhD/Projects/SDM_projects/BTEH/SDM_ele/BTEH/BTEH/replicates_DBSCAN/E3B_rep1.csv)
[2025-10-28 13:04:17] UNC2 E3B: 23643 -> 2128 (saved D:/PhD/Projects/SDM_projects/BTEH/SDM_ele/BTEH/BTEH/replicates_DBSCAN/E3B_rep2.csv)
[2025-10-28 13:04:17] UNC3 E3B: 23643 -> 2128 (saved D:/PhD/Projects/SDM_projects/BTEH/SDM_ele/BTEH/BTEH/replicates_DBSCAN/E3B_rep3.csv)
[2025-10-28 13:04:18] MAIN  E4A: 24913 -> 2244 (saved D:/PhD/Projects/SDM_projects/BTEH/SDM_ele/BTEH/BTEH/data/occ/thinned_DBSCAN/E4A.csv)
[2025-10-28 13:04:18] UNC1 E4A: 24913 -> 2244 (saved D:/PhD/Projects/SDM_projects/BTEH/SDM_ele/BTEH/BTEH/replicates_DBSCAN/E4A_rep1.csv)
[2025-10-28 13:04:18] UNC2 E4A: 24913 -> 2244 (saved D:/PhD/Projects/SDM_projects/BTEH/SDM_ele/BTEH/BTEH/replicates_DBSCAN/E4A_rep2.csv)
[2025-10-28 13:04:19] UNC3 E4A: 24913 -> 2244 (saved D:/PhD/Projects/SDM_projects/BTEH/SDM_ele/BTEH/BTEH/replicates_DBSCAN/E4A_rep3.csv)
[2025-10-28 13:04:19] MAIN  E4B: 23702 -> 2133 (saved D:/PhD/Projects/SDM_projects/BTEH/SDM_ele/BTEH/BTEH/data/occ/thinned_DBSCAN/E4B.csv)
[2025-10-28 13:04:20] UNC1 E4B: 23702 -> 2133 (saved D:/PhD/Projects/SDM_projects/BTEH/SDM_ele/BTEH/BTEH/replicates_DBSCAN/E4B_rep1.csv)
[2025-10-28 13:04:20] UNC2 E4B: 23702 -> 2133 (saved D:/PhD/Projects/SDM_projects/BTEH/SDM_ele/BTEH/BTEH/replicates_DBSCAN/E4B_rep2.csv)
[2025-10-28 13:04:20] UNC3 E4B: 23702 -> 2133 (saved D:/PhD/Projects/SDM_projects/BTEH/SDM_ele/BTEH/BTEH/replicates_DBSCAN/E4B_rep3.csv)
[2025-10-28 13:04:21] MAIN  E5A: 1844 -> 166 (saved D:/PhD/Projects/SDM_projects/BTEH/SDM_ele/BTEH/BTEH/data/occ/thinned_DBSCAN/E5A.csv)
[2025-10-28 13:04:21] UNC1 E5A: 1844 -> 166 (saved D:/PhD/Projects/SDM_projects/BTEH/SDM_ele/BTEH/BTEH/replicates_DBSCAN/E5A_rep1.csv)
[2025-10-28 13:04:21] UNC2 E5A: 1844 -> 166 (saved D:/PhD/Projects/SDM_projects/BTEH/SDM_ele/BTEH/BTEH/replicates_DBSCAN/E5A_rep2.csv)
[2025-10-28 13:04:21] UNC3 E5A: 1844 -> 166 (saved D:/PhD/Projects/SDM_projects/BTEH/SDM_ele/BTEH/BTEH/replicates_DBSCAN/E5A_rep3.csv)
[2025-10-28 13:04:21] MAIN  E5B: 18542 -> 1671 (saved D:/PhD/Projects/SDM_projects/BTEH/SDM_ele/BTEH/BTEH/data/occ/thinned_DBSCAN/E5B.csv)
[2025-10-28 13:04:21] UNC1 E5B: 18542 -> 1671 (saved D:/PhD/Projects/SDM_projects/BTEH/SDM_ele/BTEH/BTEH/replicates_DBSCAN/E5B_rep1.csv)
[2025-10-28 13:04:22] UNC2 E5B: 18542 -> 1671 (saved D:/PhD/Projects/SDM_projects/BTEH/SDM_ele/BTEH/BTEH/replicates_DBSCAN/E5B_rep2.csv)
[2025-10-28 13:04:22] UNC3 E5B: 18542 -> 1671 (saved D:/PhD/Projects/SDM_projects/BTEH/SDM_ele/BTEH/BTEH/replicates_DBSCAN/E5B_rep3.csv)
[2025-10-28 13:04:22] MAIN  E6B: 9318 -> 841 (saved D:/PhD/Projects/SDM_projects/BTEH/SDM_ele/BTEH/BTEH/data/occ/thinned_DBSCAN/E6B.csv)
[2025-10-28 13:04:22] UNC1 E6B: 9318 -> 841 (saved D:/PhD/Projects/SDM_projects/BTEH/SDM_ele/BTEH/BTEH/replicates_DBSCAN/E6B_rep1.csv)
[2025-10-28 13:04:23] UNC2 E6B: 9318 -> 841 (saved D:/PhD/Projects/SDM_projects/BTEH/SDM_ele/BTEH/BTEH/replicates_DBSCAN/E6B_rep2.csv)
[2025-10-28 13:04:23] UNC3 E6B: 9318 -> 841 (saved D:/PhD/Projects/SDM_projects/BTEH/SDM_ele/BTEH/BTEH/replicates_DBSCAN/E6B_rep3.csv)
[2025-10-28 13:04:23] MAIN  E6B_new: 11825 -> 1064 (saved D:/PhD/Projects/SDM_projects/BTEH/SDM_ele/BTEH/BTEH/data/occ/thinned_DBSCAN/E6B_new.csv)
[2025-10-28 13:04:23] UNC1 E6B_new: 11825 -> 1064 (saved D:/PhD/Projects/SDM_projects/BTEH/SDM_ele/BTEH/BTEH/replicates_DBSCAN/E6B_new_rep1.csv)
[2025-10-28 13:04:23] UNC2 E6B_new: 11825 -> 1064 (saved D:/PhD/Projects/SDM_projects/BTEH/SDM_ele/BTEH/BTEH/replicates_DBSCAN/E6B_new_rep2.csv)
[2025-10-28 13:04:24] UNC3 E6B_new: 11825 -> 1064 (saved D:/PhD/Projects/SDM_projects/BTEH/SDM_ele/BTEH/BTEH/replicates_DBSCAN/E6B_new_rep3.csv)
[2025-10-28 13:04:24] Summary saved: logs/dbscan_summary_B.csv
[2025-10-28 13:04:24] DONE. Total input: 161309 | main kept: 14526 | unc reps kept: [14526, 14526, 14526]
[2025-10-28 13:15:02] Starting 02_dbscan_thin.R (mode=FAST)
[2025-10-28 13:15:02] Run: B | eps_deg: 0.004 | minPts: 15 | fraction: 0.09 | min_samples: 4
[2025-10-28 13:15:02] Input: data/clean | MAIN out: D:/PhD/Projects/SDM_projects/BTEH/SDM_ele/BTEH/BTEH/data/occ/thinned_DBSCAN | UNCERTAINTY (replicates) out: D:/PhD/Projects/SDM_projects/BTEH/SDM_ele/BTEH/BTEH/replicates_DBSCAN
[2025-10-28 13:15:02] Recorded params in: plans/dbscan_params.yml
[2025-10-28 13:15:03] MAIN  E1B: raw=12364 | clean=12292 -> kept=1106 (saved D:/PhD/Projects/SDM_projects/BTEH/SDM_ele/BTEH/BTEH/data/occ/thinned_DBSCAN/E1B.csv)
[2025-10-28 13:15:03] UNC1 E1B: raw=12364 | clean=12292 -> kept=1106 (saved D:/PhD/Projects/SDM_projects/BTEH/SDM_ele/BTEH/BTEH/replicates_DBSCAN/E1B_rep1.csv)
[2025-10-28 13:15:03] UNC2 E1B: raw=12364 | clean=12292 -> kept=1106 (saved D:/PhD/Projects/SDM_projects/BTEH/SDM_ele/BTEH/BTEH/replicates_DBSCAN/E1B_rep2.csv)
[2025-10-28 13:15:03] UNC3 E1B: raw=12364 | clean=12292 -> kept=1106 (saved D:/PhD/Projects/SDM_projects/BTEH/SDM_ele/BTEH/BTEH/replicates_DBSCAN/E1B_rep3.csv)
[2025-10-28 13:15:04] MAIN  E2B: raw=10364 | clean=10289 -> kept=927 (saved D:/PhD/Projects/SDM_projects/BTEH/SDM_ele/BTEH/BTEH/data/occ/thinned_DBSCAN/E2B.csv)
[2025-10-28 13:15:04] UNC1 E2B: raw=10364 | clean=10289 -> kept=927 (saved D:/PhD/Projects/SDM_projects/BTEH/SDM_ele/BTEH/BTEH/replicates_DBSCAN/E2B_rep1.csv)
[2025-10-28 13:15:04] UNC2 E2B: raw=10364 | clean=10289 -> kept=927 (saved D:/PhD/Projects/SDM_projects/BTEH/SDM_ele/BTEH/BTEH/replicates_DBSCAN/E2B_rep2.csv)
[2025-10-28 13:15:04] UNC3 E2B: raw=10364 | clean=10289 -> kept=927 (saved D:/PhD/Projects/SDM_projects/BTEH/SDM_ele/BTEH/BTEH/replicates_DBSCAN/E2B_rep3.csv)
[2025-10-28 13:15:05] MAIN  E3A: raw=25091 | clean=24941 -> kept=2246 (saved D:/PhD/Projects/SDM_projects/BTEH/SDM_ele/BTEH/BTEH/data/occ/thinned_DBSCAN/E3A.csv)
[2025-10-28 13:15:05] UNC1 E3A: raw=25091 | clean=24941 -> kept=2246 (saved D:/PhD/Projects/SDM_projects/BTEH/SDM_ele/BTEH/BTEH/replicates_DBSCAN/E3A_rep1.csv)
[2025-10-28 13:15:05] UNC2 E3A: raw=25091 | clean=24941 -> kept=2246 (saved D:/PhD/Projects/SDM_projects/BTEH/SDM_ele/BTEH/BTEH/replicates_DBSCAN/E3A_rep2.csv)
[2025-10-28 13:15:05] UNC3 E3A: raw=25091 | clean=24941 -> kept=2246 (saved D:/PhD/Projects/SDM_projects/BTEH/SDM_ele/BTEH/BTEH/replicates_DBSCAN/E3A_rep3.csv)
[2025-10-28 13:15:06] MAIN  E3B: raw=23816 | clean=23643 -> kept=2128 (saved D:/PhD/Projects/SDM_projects/BTEH/SDM_ele/BTEH/BTEH/data/occ/thinned_DBSCAN/E3B.csv)
[2025-10-28 13:15:06] UNC1 E3B: raw=23816 | clean=23643 -> kept=2128 (saved D:/PhD/Projects/SDM_projects/BTEH/SDM_ele/BTEH/BTEH/replicates_DBSCAN/E3B_rep1.csv)
[2025-10-28 13:15:07] UNC2 E3B: raw=23816 | clean=23643 -> kept=2128 (saved D:/PhD/Projects/SDM_projects/BTEH/SDM_ele/BTEH/BTEH/replicates_DBSCAN/E3B_rep2.csv)
[2025-10-28 13:15:07] UNC3 E3B: raw=23816 | clean=23643 -> kept=2128 (saved D:/PhD/Projects/SDM_projects/BTEH/SDM_ele/BTEH/BTEH/replicates_DBSCAN/E3B_rep3.csv)
[2025-10-28 13:15:08] MAIN  E4A: raw=24999 | clean=24913 -> kept=2244 (saved D:/PhD/Projects/SDM_projects/BTEH/SDM_ele/BTEH/BTEH/data/occ/thinned_DBSCAN/E4A.csv)
[2025-10-28 13:15:08] UNC1 E4A: raw=24999 | clean=24913 -> kept=2244 (saved D:/PhD/Projects/SDM_projects/BTEH/SDM_ele/BTEH/BTEH/replicates_DBSCAN/E4A_rep1.csv)
[2025-10-28 13:15:08] UNC2 E4A: raw=24999 | clean=24913 -> kept=2244 (saved D:/PhD/Projects/SDM_projects/BTEH/SDM_ele/BTEH/BTEH/replicates_DBSCAN/E4A_rep2.csv)
[2025-10-28 13:15:09] UNC3 E4A: raw=24999 | clean=24913 -> kept=2244 (saved D:/PhD/Projects/SDM_projects/BTEH/SDM_ele/BTEH/BTEH/replicates_DBSCAN/E4A_rep3.csv)
[2025-10-28 13:15:09] MAIN  E4B: raw=23808 | clean=23702 -> kept=2133 (saved D:/PhD/Projects/SDM_projects/BTEH/SDM_ele/BTEH/BTEH/data/occ/thinned_DBSCAN/E4B.csv)
[2025-10-28 13:15:10] UNC1 E4B: raw=23808 | clean=23702 -> kept=2133 (saved D:/PhD/Projects/SDM_projects/BTEH/SDM_ele/BTEH/BTEH/replicates_DBSCAN/E4B_rep1.csv)
[2025-10-28 13:15:10] UNC2 E4B: raw=23808 | clean=23702 -> kept=2133 (saved D:/PhD/Projects/SDM_projects/BTEH/SDM_ele/BTEH/BTEH/replicates_DBSCAN/E4B_rep2.csv)
[2025-10-28 13:15:10] UNC3 E4B: raw=23808 | clean=23702 -> kept=2133 (saved D:/PhD/Projects/SDM_projects/BTEH/SDM_ele/BTEH/BTEH/replicates_DBSCAN/E4B_rep3.csv)
[2025-10-28 13:15:10] MAIN  E5A: raw=1845 | clean=1844 -> kept=166 (saved D:/PhD/Projects/SDM_projects/BTEH/SDM_ele/BTEH/BTEH/data/occ/thinned_DBSCAN/E5A.csv)
[2025-10-28 13:15:11] UNC1 E5A: raw=1845 | clean=1844 -> kept=166 (saved D:/PhD/Projects/SDM_projects/BTEH/SDM_ele/BTEH/BTEH/replicates_DBSCAN/E5A_rep1.csv)
[2025-10-28 13:15:11] UNC2 E5A: raw=1845 | clean=1844 -> kept=166 (saved D:/PhD/Projects/SDM_projects/BTEH/SDM_ele/BTEH/BTEH/replicates_DBSCAN/E5A_rep2.csv)
[2025-10-28 13:15:11] UNC3 E5A: raw=1845 | clean=1844 -> kept=166 (saved D:/PhD/Projects/SDM_projects/BTEH/SDM_ele/BTEH/BTEH/replicates_DBSCAN/E5A_rep3.csv)
[2025-10-28 13:15:11] MAIN  E5B: raw=18629 | clean=18542 -> kept=1671 (saved D:/PhD/Projects/SDM_projects/BTEH/SDM_ele/BTEH/BTEH/data/occ/thinned_DBSCAN/E5B.csv)
[2025-10-28 13:15:11] UNC1 E5B: raw=18629 | clean=18542 -> kept=1671 (saved D:/PhD/Projects/SDM_projects/BTEH/SDM_ele/BTEH/BTEH/replicates_DBSCAN/E5B_rep1.csv)
[2025-10-28 13:15:12] UNC2 E5B: raw=18629 | clean=18542 -> kept=1671 (saved D:/PhD/Projects/SDM_projects/BTEH/SDM_ele/BTEH/BTEH/replicates_DBSCAN/E5B_rep2.csv)
[2025-10-28 13:15:12] UNC3 E5B: raw=18629 | clean=18542 -> kept=1671 (saved D:/PhD/Projects/SDM_projects/BTEH/SDM_ele/BTEH/BTEH/replicates_DBSCAN/E5B_rep3.csv)
[2025-10-28 13:15:12] MAIN  E6B: raw=9362 | clean=9318 -> kept=841 (saved D:/PhD/Projects/SDM_projects/BTEH/SDM_ele/BTEH/BTEH/data/occ/thinned_DBSCAN/E6B.csv)
[2025-10-28 13:15:12] UNC1 E6B: raw=9362 | clean=9318 -> kept=841 (saved D:/PhD/Projects/SDM_projects/BTEH/SDM_ele/BTEH/BTEH/replicates_DBSCAN/E6B_rep1.csv)
[2025-10-28 13:15:12] UNC2 E6B: raw=9362 | clean=9318 -> kept=841 (saved D:/PhD/Projects/SDM_projects/BTEH/SDM_ele/BTEH/BTEH/replicates_DBSCAN/E6B_rep2.csv)
[2025-10-28 13:15:13] UNC3 E6B: raw=9362 | clean=9318 -> kept=841 (saved D:/PhD/Projects/SDM_projects/BTEH/SDM_ele/BTEH/BTEH/replicates_DBSCAN/E6B_rep3.csv)
[2025-10-28 13:15:13] MAIN  E6B_new: raw=11897 | clean=11825 -> kept=1064 (saved D:/PhD/Projects/SDM_projects/BTEH/SDM_ele/BTEH/BTEH/data/occ/thinned_DBSCAN/E6B_new.csv)
[2025-10-28 13:15:13] UNC1 E6B_new: raw=11897 | clean=11825 -> kept=1064 (saved D:/PhD/Projects/SDM_projects/BTEH/SDM_ele/BTEH/BTEH/replicates_DBSCAN/E6B_new_rep1.csv)
[2025-10-28 13:15:13] UNC2 E6B_new: raw=11897 | clean=11825 -> kept=1064 (saved D:/PhD/Projects/SDM_projects/BTEH/SDM_ele/BTEH/BTEH/replicates_DBSCAN/E6B_new_rep2.csv)
[2025-10-28 13:15:14] UNC3 E6B_new: raw=11897 | clean=11825 -> kept=1064 (saved D:/PhD/Projects/SDM_projects/BTEH/SDM_ele/BTEH/BTEH/replicates_DBSCAN/E6B_new_rep3.csv)
[2025-10-28 13:15:14] Cleaning diagnostics saved: logs/cleaning_diagnostics_B.csv
[2025-10-28 13:15:14] Thinning summary saved: D:/PhD/Projects/SDM_projects/BTEH/SDM_ele/BTEH/BTEH/results/compare/thin_summary.csv
[2025-10-28 13:15:14] Totals saved: logs/thin_totals_B.csv
[2025-10-28 13:15:14] DONE. Total RAW: 162175 | CLEAN: 161309 | main kept: 14526 | unc reps kept: [14526, 14526, 14526]
[2025-10-28 17:29:57] Starting 02_dbscan_thin.R (mode=FAST)
[2025-10-28 17:29:57] Run: B | eps_deg: 0.004 | minPts: 15 | fraction: 0.09 | min_samples: 4
[2025-10-28 17:29:57] Input: data/clean | MAIN out: D:/PhD/Projects/SDM_projects/BTEH/SDM_ele/BTEH/BTEH/data/occ/thinned_DBSCAN | UNCERTAINTY (replicates) out: D:/PhD/Projects/SDM_projects/BTEH/SDM_ele/BTEH/BTEH/replicates_DBSCAN
[2025-10-28 17:29:57] Recorded params in: plans/dbscan_params.yml
[2025-10-28 17:29:58] MAIN  E1B: raw=12364 | clean=12292 -> kept=1106 (saved D:/PhD/Projects/SDM_projects/BTEH/SDM_ele/BTEH/BTEH/data/occ/thinned_DBSCAN/E1B.csv)
[2025-10-28 17:29:58] UNC1 E1B: raw=12364 | clean=12292 -> kept=1106 (saved D:/PhD/Projects/SDM_projects/BTEH/SDM_ele/BTEH/BTEH/replicates_DBSCAN/E1B_rep1.csv)
[2025-10-28 17:29:59] UNC2 E1B: raw=12364 | clean=12292 -> kept=1106 (saved D:/PhD/Projects/SDM_projects/BTEH/SDM_ele/BTEH/BTEH/replicates_DBSCAN/E1B_rep2.csv)
[2025-10-28 17:29:59] UNC3 E1B: raw=12364 | clean=12292 -> kept=1106 (saved D:/PhD/Projects/SDM_projects/BTEH/SDM_ele/BTEH/BTEH/replicates_DBSCAN/E1B_rep3.csv)
[2025-10-28 17:29:59] MAIN  E2B: raw=10364 | clean=10289 -> kept=927 (saved D:/PhD/Projects/SDM_projects/BTEH/SDM_ele/BTEH/BTEH/data/occ/thinned_DBSCAN/E2B.csv)
[2025-10-28 17:29:59] UNC1 E2B: raw=10364 | clean=10289 -> kept=927 (saved D:/PhD/Projects/SDM_projects/BTEH/SDM_ele/BTEH/BTEH/replicates_DBSCAN/E2B_rep1.csv)
[2025-10-28 17:30:00] UNC2 E2B: raw=10364 | clean=10289 -> kept=927 (saved D:/PhD/Projects/SDM_projects/BTEH/SDM_ele/BTEH/BTEH/replicates_DBSCAN/E2B_rep2.csv)
[2025-10-28 17:30:00] UNC3 E2B: raw=10364 | clean=10289 -> kept=927 (saved D:/PhD/Projects/SDM_projects/BTEH/SDM_ele/BTEH/BTEH/replicates_DBSCAN/E2B_rep3.csv)
[2025-10-28 17:30:00] MAIN  E3A: raw=25091 | clean=24941 -> kept=2246 (saved D:/PhD/Projects/SDM_projects/BTEH/SDM_ele/BTEH/BTEH/data/occ/thinned_DBSCAN/E3A.csv)
[2025-10-28 17:30:01] UNC1 E3A: raw=25091 | clean=24941 -> kept=2246 (saved D:/PhD/Projects/SDM_projects/BTEH/SDM_ele/BTEH/BTEH/replicates_DBSCAN/E3A_rep1.csv)
[2025-10-28 17:30:01] UNC2 E3A: raw=25091 | clean=24941 -> kept=2246 (saved D:/PhD/Projects/SDM_projects/BTEH/SDM_ele/BTEH/BTEH/replicates_DBSCAN/E3A_rep2.csv)
[2025-10-28 17:30:01] UNC3 E3A: raw=25091 | clean=24941 -> kept=2246 (saved D:/PhD/Projects/SDM_projects/BTEH/SDM_ele/BTEH/BTEH/replicates_DBSCAN/E3A_rep3.csv)
[2025-10-28 17:30:02] MAIN  E3B: raw=23816 | clean=23643 -> kept=2128 (saved D:/PhD/Projects/SDM_projects/BTEH/SDM_ele/BTEH/BTEH/data/occ/thinned_DBSCAN/E3B.csv)
[2025-10-28 17:30:02] UNC1 E3B: raw=23816 | clean=23643 -> kept=2128 (saved D:/PhD/Projects/SDM_projects/BTEH/SDM_ele/BTEH/BTEH/replicates_DBSCAN/E3B_rep1.csv)
[2025-10-28 17:30:03] UNC2 E3B: raw=23816 | clean=23643 -> kept=2128 (saved D:/PhD/Projects/SDM_projects/BTEH/SDM_ele/BTEH/BTEH/replicates_DBSCAN/E3B_rep2.csv)
[2025-10-28 17:30:03] UNC3 E3B: raw=23816 | clean=23643 -> kept=2128 (saved D:/PhD/Projects/SDM_projects/BTEH/SDM_ele/BTEH/BTEH/replicates_DBSCAN/E3B_rep3.csv)
[2025-10-28 17:30:04] MAIN  E4A: raw=24999 | clean=24913 -> kept=2244 (saved D:/PhD/Projects/SDM_projects/BTEH/SDM_ele/BTEH/BTEH/data/occ/thinned_DBSCAN/E4A.csv)
[2025-10-28 17:30:04] UNC1 E4A: raw=24999 | clean=24913 -> kept=2244 (saved D:/PhD/Projects/SDM_projects/BTEH/SDM_ele/BTEH/BTEH/replicates_DBSCAN/E4A_rep1.csv)
[2025-10-28 17:30:04] UNC2 E4A: raw=24999 | clean=24913 -> kept=2244 (saved D:/PhD/Projects/SDM_projects/BTEH/SDM_ele/BTEH/BTEH/replicates_DBSCAN/E4A_rep2.csv)
[2025-10-28 17:30:05] UNC3 E4A: raw=24999 | clean=24913 -> kept=2244 (saved D:/PhD/Projects/SDM_projects/BTEH/SDM_ele/BTEH/BTEH/replicates_DBSCAN/E4A_rep3.csv)
[2025-10-28 17:30:05] MAIN  E4B: raw=23808 | clean=23702 -> kept=2133 (saved D:/PhD/Projects/SDM_projects/BTEH/SDM_ele/BTEH/BTEH/data/occ/thinned_DBSCAN/E4B.csv)
[2025-10-28 17:30:06] UNC1 E4B: raw=23808 | clean=23702 -> kept=2133 (saved D:/PhD/Projects/SDM_projects/BTEH/SDM_ele/BTEH/BTEH/replicates_DBSCAN/E4B_rep1.csv)
[2025-10-28 17:30:06] UNC2 E4B: raw=23808 | clean=23702 -> kept=2133 (saved D:/PhD/Projects/SDM_projects/BTEH/SDM_ele/BTEH/BTEH/replicates_DBSCAN/E4B_rep2.csv)
[2025-10-28 17:30:06] UNC3 E4B: raw=23808 | clean=23702 -> kept=2133 (saved D:/PhD/Projects/SDM_projects/BTEH/SDM_ele/BTEH/BTEH/replicates_DBSCAN/E4B_rep3.csv)
[2025-10-28 17:30:07] MAIN  E5A: raw=1845 | clean=1844 -> kept=166 (saved D:/PhD/Projects/SDM_projects/BTEH/SDM_ele/BTEH/BTEH/data/occ/thinned_DBSCAN/E5A.csv)
[2025-10-28 17:30:07] UNC1 E5A: raw=1845 | clean=1844 -> kept=166 (saved D:/PhD/Projects/SDM_projects/BTEH/SDM_ele/BTEH/BTEH/replicates_DBSCAN/E5A_rep1.csv)
[2025-10-28 17:30:07] UNC2 E5A: raw=1845 | clean=1844 -> kept=166 (saved D:/PhD/Projects/SDM_projects/BTEH/SDM_ele/BTEH/BTEH/replicates_DBSCAN/E5A_rep2.csv)
[2025-10-28 17:30:07] UNC3 E5A: raw=1845 | clean=1844 -> kept=166 (saved D:/PhD/Projects/SDM_projects/BTEH/SDM_ele/BTEH/BTEH/replicates_DBSCAN/E5A_rep3.csv)
[2025-10-28 17:30:07] MAIN  E5B: raw=18629 | clean=18542 -> kept=1671 (saved D:/PhD/Projects/SDM_projects/BTEH/SDM_ele/BTEH/BTEH/data/occ/thinned_DBSCAN/E5B.csv)
[2025-10-28 17:30:07] UNC1 E5B: raw=18629 | clean=18542 -> kept=1671 (saved D:/PhD/Projects/SDM_projects/BTEH/SDM_ele/BTEH/BTEH/replicates_DBSCAN/E5B_rep1.csv)
[2025-10-28 17:30:08] UNC2 E5B: raw=18629 | clean=18542 -> kept=1671 (saved D:/PhD/Projects/SDM_projects/BTEH/SDM_ele/BTEH/BTEH/replicates_DBSCAN/E5B_rep2.csv)
[2025-10-28 17:30:08] UNC3 E5B: raw=18629 | clean=18542 -> kept=1671 (saved D:/PhD/Projects/SDM_projects/BTEH/SDM_ele/BTEH/BTEH/replicates_DBSCAN/E5B_rep3.csv)
[2025-10-28 17:30:08] MAIN  E6B: raw=11897 | clean=11825 -> kept=1064 (saved D:/PhD/Projects/SDM_projects/BTEH/SDM_ele/BTEH/BTEH/data/occ/thinned_DBSCAN/E6B.csv)
[2025-10-28 17:30:09] UNC1 E6B: raw=11897 | clean=11825 -> kept=1064 (saved D:/PhD/Projects/SDM_projects/BTEH/SDM_ele/BTEH/BTEH/replicates_DBSCAN/E6B_rep1.csv)
[2025-10-28 17:30:09] UNC2 E6B: raw=11897 | clean=11825 -> kept=1064 (saved D:/PhD/Projects/SDM_projects/BTEH/SDM_ele/BTEH/BTEH/replicates_DBSCAN/E6B_rep2.csv)
[2025-10-28 17:30:09] UNC3 E6B: raw=11897 | clean=11825 -> kept=1064 (saved D:/PhD/Projects/SDM_projects/BTEH/SDM_ele/BTEH/BTEH/replicates_DBSCAN/E6B_rep3.csv)
[2025-10-28 17:30:09] MAIN  E6B_odd: raw=9362 | clean=9318 -> kept=841 (saved D:/PhD/Projects/SDM_projects/BTEH/SDM_ele/BTEH/BTEH/data/occ/thinned_DBSCAN/E6B_odd.csv)
[2025-10-28 17:30:09] UNC1 E6B_odd: raw=9362 | clean=9318 -> kept=841 (saved D:/PhD/Projects/SDM_projects/BTEH/SDM_ele/BTEH/BTEH/replicates_DBSCAN/E6B_odd_rep1.csv)
[2025-10-28 17:30:10] UNC2 E6B_odd: raw=9362 | clean=9318 -> kept=841 (saved D:/PhD/Projects/SDM_projects/BTEH/SDM_ele/BTEH/BTEH/replicates_DBSCAN/E6B_odd_rep2.csv)
[2025-10-28 17:30:10] UNC3 E6B_odd: raw=9362 | clean=9318 -> kept=841 (saved D:/PhD/Projects/SDM_projects/BTEH/SDM_ele/BTEH/BTEH/replicates_DBSCAN/E6B_odd_rep3.csv)
[2025-10-28 17:30:10] Cleaning diagnostics saved: logs/cleaning_diagnostics_B.csv
[2025-10-28 17:30:10] Thinning summary saved: D:/PhD/Projects/SDM_projects/BTEH/SDM_ele/BTEH/BTEH/results/compare/thin_summary.csv
[2025-10-28 17:30:10] Totals saved: logs/thin_totals_B.csv
[2025-10-28 17:30:10] DONE. Total RAW: 162175 | CLEAN: 161309 | main kept: 14526 | unc reps kept: [14526, 14526, 14526]
[2025-10-29 16:38:37] Starting 02_dbscan_thin.R (mode=FAST)
[2025-10-29 16:38:37] Run: B | eps_deg: 0.004 | minPts: 15 | fraction: 0.09 | min_samples: 4
[2025-10-29 16:38:38] Input: data/clean | MAIN out: D:/PhD/Projects/SDM_projects/BTEH/SDM_ele/BTEH/BTEH/data/occ/thinned_DBSCAN | UNCERTAINTY (replicates) out: D:/PhD/Projects/SDM_projects/BTEH/SDM_ele/BTEH/BTEH/replicates_DBSCAN
[2025-10-29 16:38:39] Recorded params in: plans/dbscan_params.yml
[2025-10-29 16:38:54] MAIN  E1B: raw=12364 | clean=12292 -> kept=1106 (saved D:/PhD/Projects/SDM_projects/BTEH/SDM_ele/BTEH/BTEH/data/occ/thinned_DBSCAN/E1B.csv)
[2025-10-29 16:39:07] UNC1 E1B: raw=12364 | clean=12292 -> kept=1106 (saved D:/PhD/Projects/SDM_projects/BTEH/SDM_ele/BTEH/BTEH/replicates_DBSCAN/E1B_rep1.csv)
[2025-10-29 16:39:26] UNC2 E1B: raw=12364 | clean=12292 -> kept=1106 (saved D:/PhD/Projects/SDM_projects/BTEH/SDM_ele/BTEH/BTEH/replicates_DBSCAN/E1B_rep2.csv)
[2025-10-29 16:39:45] UNC3 E1B: raw=12364 | clean=12292 -> kept=1106 (saved D:/PhD/Projects/SDM_projects/BTEH/SDM_ele/BTEH/BTEH/replicates_DBSCAN/E1B_rep3.csv)
[2025-10-29 16:40:00] MAIN  E2B: raw=10364 | clean=10289 -> kept=927 (saved D:/PhD/Projects/SDM_projects/BTEH/SDM_ele/BTEH/BTEH/data/occ/thinned_DBSCAN/E2B.csv)
[2025-10-29 16:40:12] UNC1 E2B: raw=10364 | clean=10289 -> kept=927 (saved D:/PhD/Projects/SDM_projects/BTEH/SDM_ele/BTEH/BTEH/replicates_DBSCAN/E2B_rep1.csv)
[2025-10-29 16:40:25] UNC2 E2B: raw=10364 | clean=10289 -> kept=927 (saved D:/PhD/Projects/SDM_projects/BTEH/SDM_ele/BTEH/BTEH/replicates_DBSCAN/E2B_rep2.csv)
[2025-10-29 16:40:36] UNC3 E2B: raw=10364 | clean=10289 -> kept=927 (saved D:/PhD/Projects/SDM_projects/BTEH/SDM_ele/BTEH/BTEH/replicates_DBSCAN/E2B_rep3.csv)
[2025-10-29 16:40:48] MAIN  E3A: raw=25091 | clean=24941 -> kept=2246 (saved D:/PhD/Projects/SDM_projects/BTEH/SDM_ele/BTEH/BTEH/data/occ/thinned_DBSCAN/E3A.csv)
[2025-10-29 16:41:06] UNC1 E3A: raw=25091 | clean=24941 -> kept=2246 (saved D:/PhD/Projects/SDM_projects/BTEH/SDM_ele/BTEH/BTEH/replicates_DBSCAN/E3A_rep1.csv)
[2025-10-29 16:41:21] UNC2 E3A: raw=25091 | clean=24941 -> kept=2246 (saved D:/PhD/Projects/SDM_projects/BTEH/SDM_ele/BTEH/BTEH/replicates_DBSCAN/E3A_rep2.csv)
[2025-10-29 16:41:31] UNC3 E3A: raw=25091 | clean=24941 -> kept=2246 (saved D:/PhD/Projects/SDM_projects/BTEH/SDM_ele/BTEH/BTEH/replicates_DBSCAN/E3A_rep3.csv)
[2025-10-29 16:41:42] MAIN  E3B: raw=23816 | clean=23643 -> kept=2128 (saved D:/PhD/Projects/SDM_projects/BTEH/SDM_ele/BTEH/BTEH/data/occ/thinned_DBSCAN/E3B.csv)
[2025-10-29 16:41:52] UNC1 E3B: raw=23816 | clean=23643 -> kept=2128 (saved D:/PhD/Projects/SDM_projects/BTEH/SDM_ele/BTEH/BTEH/replicates_DBSCAN/E3B_rep1.csv)
[2025-10-29 16:42:00] UNC2 E3B: raw=23816 | clean=23643 -> kept=2128 (saved D:/PhD/Projects/SDM_projects/BTEH/SDM_ele/BTEH/BTEH/replicates_DBSCAN/E3B_rep2.csv)
[2025-10-29 16:42:07] UNC3 E3B: raw=23816 | clean=23643 -> kept=2128 (saved D:/PhD/Projects/SDM_projects/BTEH/SDM_ele/BTEH/BTEH/replicates_DBSCAN/E3B_rep3.csv)
[2025-10-29 16:42:17] MAIN  E4A: raw=24999 | clean=24913 -> kept=2244 (saved D:/PhD/Projects/SDM_projects/BTEH/SDM_ele/BTEH/BTEH/data/occ/thinned_DBSCAN/E4A.csv)
[2025-10-29 16:42:22] UNC1 E4A: raw=24999 | clean=24913 -> kept=2244 (saved D:/PhD/Projects/SDM_projects/BTEH/SDM_ele/BTEH/BTEH/replicates_DBSCAN/E4A_rep1.csv)
[2025-10-29 16:42:31] UNC2 E4A: raw=24999 | clean=24913 -> kept=2244 (saved D:/PhD/Projects/SDM_projects/BTEH/SDM_ele/BTEH/BTEH/replicates_DBSCAN/E4A_rep2.csv)
[2025-10-29 16:42:41] UNC3 E4A: raw=24999 | clean=24913 -> kept=2244 (saved D:/PhD/Projects/SDM_projects/BTEH/SDM_ele/BTEH/BTEH/replicates_DBSCAN/E4A_rep3.csv)
[2025-10-29 16:42:57] MAIN  E4B: raw=23808 | clean=23702 -> kept=2133 (saved D:/PhD/Projects/SDM_projects/BTEH/SDM_ele/BTEH/BTEH/data/occ/thinned_DBSCAN/E4B.csv)
[2025-10-29 16:43:08] UNC1 E4B: raw=23808 | clean=23702 -> kept=2133 (saved D:/PhD/Projects/SDM_projects/BTEH/SDM_ele/BTEH/BTEH/replicates_DBSCAN/E4B_rep1.csv)
[2025-10-29 16:43:16] UNC2 E4B: raw=23808 | clean=23702 -> kept=2133 (saved D:/PhD/Projects/SDM_projects/BTEH/SDM_ele/BTEH/BTEH/replicates_DBSCAN/E4B_rep2.csv)
[2025-10-29 16:43:23] UNC3 E4B: raw=23808 | clean=23702 -> kept=2133 (saved D:/PhD/Projects/SDM_projects/BTEH/SDM_ele/BTEH/BTEH/replicates_DBSCAN/E4B_rep3.csv)
[2025-10-29 16:43:25] MAIN  E5A: raw=1845 | clean=1844 -> kept=166 (saved D:/PhD/Projects/SDM_projects/BTEH/SDM_ele/BTEH/BTEH/data/occ/thinned_DBSCAN/E5A.csv)
[2025-10-29 16:43:26] UNC1 E5A: raw=1845 | clean=1844 -> kept=166 (saved D:/PhD/Projects/SDM_projects/BTEH/SDM_ele/BTEH/BTEH/replicates_DBSCAN/E5A_rep1.csv)
[2025-10-29 16:43:27] UNC2 E5A: raw=1845 | clean=1844 -> kept=166 (saved D:/PhD/Projects/SDM_projects/BTEH/SDM_ele/BTEH/BTEH/replicates_DBSCAN/E5A_rep2.csv)
[2025-10-29 16:43:28] UNC3 E5A: raw=1845 | clean=1844 -> kept=166 (saved D:/PhD/Projects/SDM_projects/BTEH/SDM_ele/BTEH/BTEH/replicates_DBSCAN/E5A_rep3.csv)
[2025-10-29 16:43:34] MAIN  E5B: raw=18629 | clean=18542 -> kept=1671 (saved D:/PhD/Projects/SDM_projects/BTEH/SDM_ele/BTEH/BTEH/data/occ/thinned_DBSCAN/E5B.csv)
[2025-10-29 16:43:40] UNC1 E5B: raw=18629 | clean=18542 -> kept=1671 (saved D:/PhD/Projects/SDM_projects/BTEH/SDM_ele/BTEH/BTEH/replicates_DBSCAN/E5B_rep1.csv)
[2025-10-29 16:43:46] UNC2 E5B: raw=18629 | clean=18542 -> kept=1671 (saved D:/PhD/Projects/SDM_projects/BTEH/SDM_ele/BTEH/BTEH/replicates_DBSCAN/E5B_rep2.csv)
[2025-10-29 16:43:51] UNC3 E5B: raw=18629 | clean=18542 -> kept=1671 (saved D:/PhD/Projects/SDM_projects/BTEH/SDM_ele/BTEH/BTEH/replicates_DBSCAN/E5B_rep3.csv)
[2025-10-29 16:44:00] MAIN  E6B: raw=21259 | clean=21122 -> kept=1901 (saved D:/PhD/Projects/SDM_projects/BTEH/SDM_ele/BTEH/BTEH/data/occ/thinned_DBSCAN/E6B.csv)
[2025-10-29 16:44:19] UNC1 E6B: raw=21259 | clean=21122 -> kept=1901 (saved D:/PhD/Projects/SDM_projects/BTEH/SDM_ele/BTEH/BTEH/replicates_DBSCAN/E6B_rep1.csv)
[2025-10-29 16:44:29] UNC2 E6B: raw=21259 | clean=21122 -> kept=1901 (saved D:/PhD/Projects/SDM_projects/BTEH/SDM_ele/BTEH/BTEH/replicates_DBSCAN/E6B_rep2.csv)
[2025-10-29 16:44:38] UNC3 E6B: raw=21259 | clean=21122 -> kept=1901 (saved D:/PhD/Projects/SDM_projects/BTEH/SDM_ele/BTEH/BTEH/replicates_DBSCAN/E6B_rep3.csv)
[2025-10-29 16:44:39] Cleaning diagnostics saved: logs/cleaning_diagnostics_B.csv
[2025-10-29 16:44:39] Thinning summary saved: D:/PhD/Projects/SDM_projects/BTEH/SDM_ele/BTEH/BTEH/results/compare/thin_summary.csv
[2025-10-29 16:44:39] Totals saved: logs/thin_totals_B.csv
[2025-10-29 16:44:42] DONE. Total RAW: 162175 | CLEAN: 161288 | main kept: 14522 | unc reps kept: [14522, 14522, 14522]
