[2025-10-26 14:07:21] Starting 03_h2o_train.R  (mode=FAST, run=B)
[2025-10-26 14:09:33] Starting 03_h2o_train.R  (mode=FAST, run=B)
[2025-10-26 14:13:02] Starting 03_h2o_train.R  (mode=FAST, run=B)
[2025-10-26 14:13:28] Created keepvars: 21 variables
[2025-10-26 14:30:40] Starting 03_h2o_train.R  (mode=FAST, run=B)
[2025-10-26 14:30:40] Read keepvars: 21 variables
[2025-10-26 14:36:05] Starting 03_h2o_train.R  (mode=FAST, run=B)
[2025-10-26 14:36:05] Read keepvars: 21 variables
[2025-10-26 14:36:15] H2O threads: 6
[2025-10-26 14:36:16] Training E5A
[2025-10-26 14:42:36] Starting 03_h2o_train.R  (mode=FAST, run=B)
[2025-10-26 14:42:36] Read keepvars: 21 variables
[2025-10-26 14:42:45] H2O threads: 6
[2025-10-26 14:42:46] Training E5A
[2025-10-26 14:51:16] Starting 03_h2o_train.R  (mode=FAST, run=B)
[2025-10-26 14:51:17] Read keepvars: 21 variables
[2025-10-26 14:51:26] H2O threads: 6
[2025-10-26 14:51:26] Training E5A
[2025-10-26 14:54:15] Starting 03_h2o_train.R  (mode=FAST, run=B)
[2025-10-26 14:54:15] Read keepvars: 21 variables
[2025-10-26 14:54:35] Starting 03_h2o_train.R  (mode=FAST, run=B)
[2025-10-26 14:54:35] Read keepvars: 21 variables
[2025-10-26 14:54:44] H2O threads: 6
[2025-10-26 14:54:44] Training E5A
[2025-10-26 15:00:06] Done E5A
[2025-10-26 15:00:06] All species finished.
[2025-10-28 17:05:48] Starting 03_h2o_train.R  (mode=FAST, run=B)
[2025-10-28 17:05:48] Read keepvars: 21 variables
[2025-10-28 17:06:00] H2O threads: 6
[2025-10-28 17:06:00] Training E6B
[2025-10-28 17:14:16] Done E6B
[2025-10-28 17:14:16] All species finished.
[2025-10-29 15:32:44] Starting 03_h2o_train.R  (mode=FAST, run=B)
[2025-10-29 15:32:45] Read keepvars: 21 variables
[2025-10-29 15:33:02] H2O threads: 6
[2025-10-29 15:33:02] Training E1B
[2025-10-29 15:42:40] Done E1B
[2025-10-29 15:42:40] Training E2B
[2025-10-29 15:51:55] Done E2B
[2025-10-29 15:51:55] Training E3A
[2025-10-29 16:01:45] Done E3A
[2025-10-29 16:01:45] Training E3B
[2025-10-29 16:11:09] Done E3B
[2025-10-29 16:11:09] Training E4A
[2025-10-29 16:20:54] Done E4A
[2025-10-29 16:20:54] Training E4B
[2025-10-29 16:30:20] Done E4B
[2025-10-29 16:30:20] Training E5A
